{"name": "verify about us page", "status": "failed", "statusDetails": {"message": "AssertionError\n", "trace": "  File \"C:\\Users\\singh\\BehaveAutomationFramework\\venv\\Lib\\site-packages\\behave\\model.py\", line 1329, in run\n    match.run(runner.context)\n  File \"C:\\Users\\singh\\BehaveAutomationFramework\\venv\\Lib\\site-packages\\behave\\matchers.py\", line 98, in run\n    self.func(context, *args, **kwargs)\n  File \"features\\steps\\blaze_aboutus_steps.py\", line 34, in step_impl\n    context.hp.check_home_page_title(expected_title)\n  File \"C:\\Users\\singh\\BehaveAutomationFramework\\pageObjects\\homePage.py\", line 35, in check_home_page_title\n    self.verify_page_title(expected_title)\n  File \"C:\\Users\\singh\\BehaveAutomationFramework\\seleniumCommonActions\\basePage.py\", line 49, in verify_page_title\n    assert self.driver.title == expected_title\n           ^^^^^^^^^^^^^^^^^^^^^^^^^^^^^^^^^^^\n"}, "steps": [{"name": "Given open the blaze application url", "status": "passed", "start": 1686401719244, "stop": 1686401723790}, {"name": "When click on the login button", "status": "passed", "start": 1686401723790, "stop": 1686401726866}, {"name": "Then login pop up page should display", "status": "passed", "start": 1686401726866, "stop": 1686401726900}, {"name": "When user enter valid credentials", "status": "passed", "start": 1686401726903, "stop": 1686401730207}, {"name": "And click on the login button present on login pop up", "status": "passed", "start": 1686401730207, "stop": 1686401735284}, {"name": "Then user should logged in", "status": "passed", "start": 1686401735284, "stop": 1686401735300}, {"name": "When click on about us link present in home page", "status": "passed", "start": 1686401735300, "stop": 1686401738358}, {"name": "Then about us page should display", "status": "passed", "start": 1686401738358, "stop": 1686401738380}, {"name": "Then click on close button present in about us page", "status": "passed", "start": 1686401738381, "stop": 1686401741426}, {"name": "Then user should direct back to home page", "status": "failed", "statusDetails": {"message": "AssertionError\n", "trace": "  File \"C:\\Users\\singh\\BehaveAutomationFramework\\venv\\Lib\\site-packages\\behave\\model.py\", line 1329, in run\n    match.run(runner.context)\n  File \"C:\\Users\\singh\\BehaveAutomationFramework\\venv\\Lib\\site-packages\\behave\\matchers.py\", line 98, in run\n    self.func(context, *args, **kwargs)\n  File \"features\\steps\\blaze_aboutus_steps.py\", line 34, in step_impl\n    context.hp.check_home_page_title(expected_title)\n  File \"C:\\Users\\singh\\BehaveAutomationFramework\\pageObjects\\homePage.py\", line 35, in check_home_page_title\n    self.verify_page_title(expected_title)\n  File \"C:\\Users\\singh\\BehaveAutomationFramework\\seleniumCommonActions\\basePage.py\", line 49, in verify_page_title\n    assert self.driver.title == expected_title\n           ^^^^^^^^^^^^^^^^^^^^^^^^^^^^^^^^^^^\n"}, "attachments": [{"name": "failed_screenshot", "source": "2d238333-3fe7-4a46-9dd7-3adfc4741cde-attachment.png", "type": "image/png"}], "start": 1686401741426, "stop": 1686401741800}], "start": 1686401717450, "stop": 1686401744041, "uuid": "e2676992-07d5-4ff4-a1ba-a1ccee6b5a2c", "historyId": "6245bb09a88d3a20c3be092e0dab2909", "fullName": "About Us Page: verify about us page", "labels": [{"name": "severity", "value": "normal"}, {"name": "feature", "value": "About Us Page"}, {"name": "framework", "value": "behave"}, {"name": "language", "value": "cpython3"}]}