{"name": "verify contact page", "status": "failed", "statusDetails": {"message": "AssertionError\n", "trace": "  File \"C:\\Users\\singh\\BehaveAutomationFramework\\venv\\Lib\\site-packages\\behave\\model.py\", line 1329, in run\n    match.run(runner.context)\n  File \"C:\\Users\\singh\\BehaveAutomationFramework\\venv\\Lib\\site-packages\\behave\\matchers.py\", line 98, in run\n    self.func(context, *args, **kwargs)\n  File \"features\\steps\\blaze_login_steps.py\", line 31, in step_impl\n    context.lp.check_login_page_header_text(expected_login_header_text)\n  File \"C:\\Users\\singh\\BehaveAutomationFramework\\pageObjects\\loginPage.py\", line 23, in check_login_page_header_text\n    self.verify_page_header_text(\"text_login_page_xpath\", self.text_login_page_xpath, expected_header_text)\n  File \"C:\\Users\\singh\\BehaveAutomationFramework\\seleniumCommonActions\\basePage.py\", line 65, in verify_page_header_text\n    assert element.text == expected_header_text\n           ^^^^^^^^^^^^^^^^^^^^^^^^^^^^^^^^^^^^\n"}, "steps": [{"name": "Given open the blaze application url", "status": "passed", "start": 1686235230454, "stop": 1686235235570}, {"name": "When click on the login button", "status": "passed", "start": 1686235235570, "stop": 1686235238630}, {"name": "Then login pop up page should display", "status": "failed", "statusDetails": {"message": "AssertionError\n", "trace": "  File \"C:\\Users\\singh\\BehaveAutomationFramework\\venv\\Lib\\site-packages\\behave\\model.py\", line 1329, in run\n    match.run(runner.context)\n  File \"C:\\Users\\singh\\BehaveAutomationFramework\\venv\\Lib\\site-packages\\behave\\matchers.py\", line 98, in run\n    self.func(context, *args, **kwargs)\n  File \"features\\steps\\blaze_login_steps.py\", line 31, in step_impl\n    context.lp.check_login_page_header_text(expected_login_header_text)\n  File \"C:\\Users\\singh\\BehaveAutomationFramework\\pageObjects\\loginPage.py\", line 23, in check_login_page_header_text\n    self.verify_page_header_text(\"text_login_page_xpath\", self.text_login_page_xpath, expected_header_text)\n  File \"C:\\Users\\singh\\BehaveAutomationFramework\\seleniumCommonActions\\basePage.py\", line 65, in verify_page_header_text\n    assert element.text == expected_header_text\n           ^^^^^^^^^^^^^^^^^^^^^^^^^^^^^^^^^^^^\n"}, "attachments": [{"name": "failed_screenshot", "source": "d8e2ffee-f50c-479c-9b27-46fbe222ac20-attachment.png", "type": "image/png"}], "start": 1686235238630, "stop": 1686235238864}, {"name": "When user enter valid credentials", "status": "skipped", "start": 1686235242088, "stop": 1686235242088}, {"name": "And click on the login button present on login pop up", "status": "skipped", "start": 1686235242088, "stop": 1686235242088}, {"name": "Then user should login", "status": "skipped", "start": 1686235242088, "stop": 1686235242088}, {"name": "When click on the contact button", "status": "skipped", "start": 1686235242088, "stop": 1686235242088}, {"name": "Then contact pop up should display", "status": "skipped", "start": 1686235242088, "stop": 1686235242088}, {"name": "Then user enter all the details", "status": "skipped", "start": 1686235242088, "stop": 1686235242088}, {"name": "And click on the send message button", "status": "skipped", "start": 1686235242088, "stop": 1686235242088}, {"name": "Then thanks saying pop up should display", "status": "skipped", "start": 1686235242088, "stop": 1686235242088}], "start": 1686235228455, "stop": 1686235242088, "uuid": "99aa2bfd-0676-421b-9b42-245c16e41b4a", "historyId": "fcbf7c64cbf52d2f8ced9b63f3db47c9", "fullName": "Contact page: verify contact page", "labels": [{"name": "severity", "value": "normal"}, {"name": "feature", "value": "Contact page"}, {"name": "framework", "value": "behave"}, {"name": "language", "value": "cpython3"}]}